<?xml version="1.0" encoding="UTF-8"?>
<!-- Generated by org.testng.reporters.JUnitReportReporter -->
<testsuite hostname="DESKTOP-A34VSJG" failures="0" tests="1" name="com.pom.demowebshop.testcases.LoginTests" time="6.572" errors="0" timestamp="2024-07-04T21:59:37 IST" skipped="0">
  <testcase classname="com.pom.demowebshop.testcases.LoginTests" name="homeLoginTest" time="6.572"/>
</testsuite> <!-- com.pom.demowebshop.testcases.LoginTests -->
