<?xml version="1.0" encoding="UTF-8"?>
<!-- Generated by org.testng.reporters.JUnitReportReporter -->
<testsuite hostname="DESKTOP-A34VSJG" failures="0" tests="1" name="com.pom.demoopencart.testscripts.LoginTest" time="9.320" errors="0" timestamp="2024-08-24T11:28:12 IST" skipped="0">
  <testcase classname="com.pom.demoopencart.testscripts.LoginTest" name="verifyHeaders" time="9.320"/>
</testsuite> <!-- com.pom.demoopencart.testscripts.LoginTest -->
