<?xml version="1.0" encoding="UTF-8"?>
<!-- Generated by org.testng.reporters.JUnitReportReporter -->
<testsuite hostname="DESKTOP-A34VSJG" failures="0" tests="1" name="com.pom.demoopencart.testcases.HRM_Login" time="15.342" errors="0" timestamp="2024-07-23T15:40:01 IST" skipped="0">
  <testcase classname="com.pom.demoopencart.testcases.HRM_Login" name="testLogin" time="15.342"/>
</testsuite> <!-- com.pom.demoopencart.testcases.HRM_Login -->
