<?xml version="1.0" encoding="UTF-8"?>
<!-- Generated by org.testng.reporters.JUnitReportReporter -->
<testsuite hostname="DESKTOP-A34VSJG" failures="0" tests="1" name="com.pom.demoopencart.testscripts.ProductEndToEndFlowTest" time="9.162" errors="0" timestamp="2024-09-10T12:09:32 IST" skipped="0">
  <testcase classname="com.pom.demoopencart.testscripts.ProductEndToEndFlowTest" name="testProductEndFlow" time="9.162"/>
</testsuite> <!-- com.pom.demoopencart.testscripts.ProductEndToEndFlowTest -->
