<?xml version="1.0" encoding="UTF-8"?>
<!-- Generated by org.testng.reporters.JUnitReportReporter -->
<testsuite hostname="DESKTOP-A34VSJG" failures="0" tests="1" name="com.pom.demoopencart.testcases.HRM_LoginTests" time="22.056" errors="0" timestamp="2024-07-31T17:35:22 IST" skipped="0">
  <testcase classname="com.pom.demoopencart.testcases.HRM_LoginTests" name="testLogin" time="22.056"/>
</testsuite> <!-- com.pom.demoopencart.testcases.HRM_LoginTests -->
